<?xml version="1.0" encoding="UTF-8"?>
<!-- Generated by org.testng.reporters.JUnitReportReporter -->
<testsuite hostname="WELCOME-PC" failures="0" tests="5" name="CreateBookingApiTests" time="10.357" errors="0" timestamp="2025-07-25T13:44:19 IST" skipped="0">
  <testcase classname="CreateBookingApiTests" name="createAndvalidateStatusCode" time="1.213"/>
  <testcase classname="CreateBookingApiTests" name="createAndvalidateStatusCode" time="1.501"/>
  <testcase classname="CreateBookingApiTests" name="createAndvalidateStatusCode" time="1.182"/>
  <testcase classname="CreateBookingApiTests" name="createAndvalidateStatusCode" time="1.224"/>
  <testcase classname="CreateBookingApiTests" name="createAndvalidateStatusCode" time="5.237"/>
</testsuite> <!-- CreateBookingApiTests -->
