<?xml version="1.0" encoding="UTF-8"?>
<!-- Generated by org.testng.reporters.JUnitReportReporter -->
<testsuite hostname="WELCOME-PC" failures="0" tests="1" name="DeleteBookingApiTests" time="2.630" errors="0" timestamp="2025-07-25T13:44:19 IST" skipped="0">
  <testcase classname="DeleteBookingApiTests" name="deleteBookingTest" time="2.630"/>
</testsuite> <!-- DeleteBookingApiTests -->
