<?xml version="1.0" encoding="UTF-8"?>
<!-- Generated by org.testng.reporters.JUnitReportReporter -->
<testsuite hostname="WELCOME-PC" failures="0" tests="2" name="UpdateBookingApiTests" time="8.001" errors="0" timestamp="2025-07-25T13:44:19 IST" skipped="0">
  <testcase classname="UpdateBookingApiTests" name="updateAndvalidateStatusCode" time="3.508"/>
  <testcase classname="UpdateBookingApiTests" name="updateAndvalidateStatusCode" time="4.493"/>
</testsuite> <!-- UpdateBookingApiTests -->
