<?xml version="1.0" encoding="UTF-8"?>
<!-- Generated by org.testng.reporters.JUnitReportReporter -->
<testsuite hostname="WELCOME-PC" failures="0" tests="2" name="CRUDTests" time="12.023" errors="0" timestamp="2025-07-25T13:44:19 IST" skipped="0">
  <testcase classname="CRUDTests" name="curdTest" time="6.047"/>
  <testcase classname="CRUDTests" name="curdTest" time="5.976"/>
</testsuite> <!-- CRUDTests -->
